<?xml version="1.0" encoding="UTF-8"?>
<!-- Generated by org.testng.reporters.JUnitReportReporter -->
<testsuite skipped="0" hostname="omsai-PC" name="com.Test.TestCases.TC_1" tests="1" failures="0" timestamp="14 Mar 2019 13:18:59 GMT" time="11.989" errors="0">
  <testcase name="loginTest" time="11.989" classname="com.Test.TestCases.TC_1"/>
</testsuite> <!-- com.Test.TestCases.TC_1 -->
